<?xml version="1.0" encoding="UTF-8"?>
<testng-results ignored="0" total="1" passed="1" failed="0" skipped="0">
  <reporter-output>
  </reporter-output>
  <suite started-at="2022-02-08T03:00:36Z" name="TDT Page" finished-at="2022-02-08T03:01:25Z" duration-ms="48837">
    <groups>
    </groups>
    <test started-at="2022-02-08T03:00:36Z" name="run on Headless Chrome" finished-at="2022-02-08T03:01:25Z" duration-ms="48837">
      <class name="handle.data.Trans_Data_From_Web">
        <test-method signature="TC_01_Translate()[pri:0, instance:handle.data.Trans_Data_From_Web@4b8ee4de]" started-at="2022-02-08T03:00:36Z" name="TC_01_Translate" finished-at="2022-02-08T03:01:25Z" duration-ms="48811" status="PASS">
          <reporter-output>
          </reporter-output>
        </test-method> <!-- TC_01_Translate -->
      </class> <!-- handle.data.Trans_Data_From_Web -->
    </test> <!-- run on Headless Chrome -->
  </suite> <!-- TDT Page -->
</testng-results>
